<?xml version="1.0" encoding="UTF-8"?>
<!-- Generated by org.testng.reporters.JUnitReportReporter -->
<testsuite hostname="DESKTOP-971UVCH" failures="0" tests="2" name="com.selenium.navegation.runner.RunSuiteTest" time="38.259" errors="0" timestamp="2022-02-21T11:42:52 BRT" skipped="0">
  <testcase classname="com.selenium.navegation.runner.RunSuiteTest" name="runScenario" time="18.995"/>
  <system-out/>
  <testcase classname="com.selenium.navegation.runner.RunSuiteTest" name="runScenario" time="19.264"/>
  <system-out/>
</testsuite> <!-- com.selenium.navegation.runner.RunSuiteTest -->
