<?xml version="1.0" encoding="UTF-8"?>
<!-- Generated by org.testng.reporters.JUnitReportReporter -->
<testsuite hostname="DESKTOP-971UVCH" failures="0" tests="1" name="com.selenium.navegation.AppTest" time="0.005" errors="0" timestamp="2022-02-18T23:56:03 BRT" skipped="0">
  <testcase classname="com.selenium.navegation.AppTest" name="shouldAnswerWithTrue" time="0.005"/>
  <system-out/>
</testsuite> <!-- com.selenium.navegation.AppTest -->
